<?xml version="1.0" encoding="UTF-8"?>
<!-- Generated by org.testng.reporters.JUnitXMLReporter -->
<testsuite ignored="0" hostname="Sailajas-MBP.home" failures="2" tests="8" name="Surefire test" time="5.78" errors="0" timestamp="2021-09-17T17:33:34 BST">
  <testcase classname="com.org.testapi.TestForSampleAPI" name="validateCommentsExceptionsScenarioForNonExistPostId" time="2.451"/>
  <testcase classname="com.org.testapi.TestForSampleAPI" name="validateCommentsExceptionsScenarioForNonExistPostIdAsQueryParameter" time="0.302">
    <failure type="java.lang.AssertionError" message="MisMatch HTTPS Status code &amp;gt;&amp;gt; GET /Comments?postId=1 expected [404] but found [200]">
      <![CDATA[java.lang.AssertionError: MisMatch HTTPS Status code >> GET /Comments?postId=1 expected [404] but found [200]
at com.org.testapi.TestForSampleAPI.validateCommentsExceptionsScenarioForNonExistPostIdAsQueryParameter(TestForSampleAPI.java:156)
at java.base/java.util.ArrayList.forEach(ArrayList.java:1541)
... Removed 38 stack frames]]>
    </failure>
  </testcase> <!-- validateCommentsExceptionsScenarioForNonExistPostIdAsQueryParameter -->
  <testcase classname="com.org.testapi.TestForSampleAPI" name="validateForMultipleComments" time="0.465"/>
  <testcase classname="com.org.testapi.TestForSampleAPI" name="validateForMultipleCommentsWithQueryParameter" time="0.318"/>
  <testcase classname="com.org.testapi.TestForSampleAPI" name="validateForMultiplePostsPerUserComments" time="0.247"/>
  <testcase classname="com.org.testapi.TestForSampleAPI" name="validateJSONPlaceHolderWorkFlow" time="1.365"/>
  <testcase classname="com.org.testapi.TestForSampleAPI" name="validateUserPostsCommentsExceptionScenarioForNonExistUserId" time="0.244">
    <failure type="java.lang.AssertionError" message="MisMatch HTTPS Status code &amp;gt;&amp;gt; GET Posts/1456/comments expected [404] but found [200]">
      <![CDATA[java.lang.AssertionError: MisMatch HTTPS Status code >> GET Posts/1456/comments expected [404] but found [200]
at com.org.testapi.TestForSampleAPI.validateUserPostsCommentsExceptionScenarioForNonExistUserId(TestForSampleAPI.java:106)
at java.base/java.util.ArrayList.forEach(ArrayList.java:1541)
... Removed 38 stack frames]]>
    </failure>
  </testcase> <!-- validateUserPostsCommentsExceptionScenarioForNonExistUserId -->
  <testcase classname="com.org.testapi.TestForSampleAPI" name="validateUserPostsExceptionScenarioForNonExistUser" time="0.247"/>
</testsuite> <!-- Surefire test -->
