-------------------------------------------------------------------------------
Test set: com.org.testapi.TestForSampleAPI
-------------------------------------------------------------------------------
Tests run: 8, Failures: 2, Errors: 0, Skipped: 0, Time elapsed: 4.99 s <<< FAILURE! - in com.org.testapi.TestForSampleAPI
validateCommentsExceptionsScenarioForNonExistPostIdAsQueryParameter(com.org.testapi.TestForSampleAPI)  Time elapsed: 0.122 s  <<< FAILURE!
java.lang.AssertionError: MisMatch HTTPS Status code >> GET /Comments?postId=1 expected [404] but found [200]
	at com.org.testapi.TestForSampleAPI.validateCommentsExceptionsScenarioForNonExistPostIdAsQueryParameter(TestForSampleAPI.java:155)

validateUserPostsCommentsExceptionScenarioForNonExistUserId(com.org.testapi.TestForSampleAPI)  Time elapsed: 0.081 s  <<< FAILURE!
java.lang.AssertionError: MisMatch HTTPS Status code >> GET Posts/1456/comments expected [404] but found [200]
	at com.org.testapi.TestForSampleAPI.validateUserPostsCommentsExceptionScenarioForNonExistUserId(TestForSampleAPI.java:105)

