<?xml version="1.0" encoding="UTF-8"?>
<testsuite xmlns:xsi="http://www.w3.org/2001/XMLSchema-instance" xsi:noNamespaceSchemaLocation="https://maven.apache.org/surefire/maven-surefire-plugin/xsd/surefire-test-report-3.0.xsd" version="3.0" name="com.org.testapi.TestForSampleAPI" time="7.24" tests="8" errors="0" skipped="0" failures="2">
  <properties>
[...]
</properties>
  <testcase name="validateCommentsExceptionsScenarioForNonExistPostId" classname="com.org.testapi.TestForSampleAPI" time="2.32"/>
  <testcase name="validateCommentsExceptionsScenarioForNonExistPostIdAsQueryParameter" classname="com.org.testapi.TestForSampleAPI" time="0.31">
    <failure message="MisMatch HTTPS Status code &gt;&gt; GET /Comments?postId=1 expected [404] but found [200]" type="java.lang.AssertionError">java.lang.AssertionError: MisMatch HTTPS Status code >> GET /Comments?postId=1 expected [404] but found [200]
	at com.org.testapi.TestForSampleAPI.validateCommentsExceptionsScenarioForNonExistPostIdAsQueryParameter(TestForSampleAPI.java:156)
</failure>
  </testcase>
  <testcase name="validateForMultipleComments" classname="com.org.testapi.TestForSampleAPI" time="0.465"/>
  <testcase name="validateForMultipleCommentsWithQueryParameter" classname="com.org.testapi.TestForSampleAPI" time="0.318"/>
  <testcase name="validateForMultiplePostsPerUserComments" classname="com.org.testapi.TestForSampleAPI" time="0.248"/>
  <testcase name="validateJSONPlaceHolderWorkFlow" classname="com.org.testapi.TestForSampleAPI" time="1.365"/>
  <testcase name="validateUserPostsCommentsExceptionScenarioForNonExistUserId" classname="com.org.testapi.TestForSampleAPI" time="0.243">
    <failure message="MisMatch HTTPS Status code &gt;&gt; GET Posts/1456/comments expected [404] but found [200]" type="java.lang.AssertionError">java.lang.AssertionError: MisMatch HTTPS Status code >> GET Posts/1456/comments expected [404] but found [200]
	at com.org.testapi.TestForSampleAPI.validateUserPostsCommentsExceptionScenarioForNonExistUserId(TestForSampleAPI.java:106)
</failure>
  </testcase>
  <testcase name="validateUserPostsExceptionScenarioForNonExistUser" classname="com.org.testapi.TestForSampleAPI" time="0.247"/>
</testsuite>